
===========================================================================
 report_power
============================================================================
======================= Fastest Corner ===================================

Group                  Internal  Switching    Leakage      Total
                          Power      Power      Power      Power (Watts)
----------------------------------------------------------------
Sequential             3.41e-03   1.16e-03   8.46e-09   4.57e-03  13.7%
Combinational          1.32e-02   1.45e-02   2.84e-08   2.77e-02  83.2%
Clock                  2.51e-04   7.74e-04   1.20e-08   1.03e-03   3.1%
Macro                  0.00e+00   0.00e+00   0.00e+00   0.00e+00   0.0%
Pad                    0.00e+00   0.00e+00   0.00e+00   0.00e+00   0.0%
----------------------------------------------------------------
Total                  1.69e-02   1.65e-02   4.89e-08   3.33e-02 100.0%
                          50.6%      49.4%       0.0%

======================= Slowest Corner ===================================

Group                  Internal  Switching    Leakage      Total
                          Power      Power      Power      Power (Watts)
----------------------------------------------------------------
Sequential             2.31e-03   7.61e-04   7.96e-06   3.08e-03  13.3%
Combinational          9.72e-03   9.61e-03   2.26e-05   1.93e-02  83.7%
Clock                  1.85e-04   4.90e-04   3.78e-07   6.76e-04   2.9%
Macro                  0.00e+00   0.00e+00   0.00e+00   0.00e+00   0.0%
Pad                    0.00e+00   0.00e+00   0.00e+00   0.00e+00   0.0%
----------------------------------------------------------------
Total                  1.22e-02   1.09e-02   3.09e-05   2.31e-02 100.0%
                          52.9%      47.0%       0.1%

======================= Typical Corner ===================================

Group                  Internal  Switching    Leakage      Total
                          Power      Power      Power      Power (Watts)
----------------------------------------------------------------
Sequential             2.94e-03   9.74e-04   4.59e-09   3.92e-03  13.5%
Combinational          1.19e-02   1.23e-02   1.55e-08   2.42e-02  83.5%
Clock                  2.22e-04   6.48e-04   1.14e-08   8.71e-04   3.0%
Macro                  0.00e+00   0.00e+00   0.00e+00   0.00e+00   0.0%
Pad                    0.00e+00   0.00e+00   0.00e+00   0.00e+00   0.0%
----------------------------------------------------------------
Total                  1.51e-02   1.39e-02   3.15e-08   2.90e-02 100.0%
                          52.1%      47.9%       0.0%

