
===========================================================================
 report_power
============================================================================
======================= Fastest Corner ===================================

Group                  Internal  Switching    Leakage      Total
                          Power      Power      Power      Power (Watts)
----------------------------------------------------------------
Sequential             3.41e-03   1.22e-03   8.46e-09   4.63e-03  13.6%
Combinational          1.32e-02   1.52e-02   2.84e-08   2.84e-02  83.3%
Clock                  2.52e-04   8.09e-04   1.20e-08   1.06e-03   3.1%
Macro                  0.00e+00   0.00e+00   0.00e+00   0.00e+00   0.0%
Pad                    0.00e+00   0.00e+00   0.00e+00   0.00e+00   0.0%
----------------------------------------------------------------
Total                  1.69e-02   1.72e-02   4.89e-08   3.41e-02 100.0%
                          49.5%      50.5%       0.0%

======================= Slowest Corner ===================================

Group                  Internal  Switching    Leakage      Total
                          Power      Power      Power      Power (Watts)
----------------------------------------------------------------
Sequential             2.32e-03   8.02e-04   7.96e-06   3.12e-03  13.2%
Combinational          9.73e-03   1.01e-02   2.26e-05   1.98e-02  83.8%
Clock                  1.85e-04   5.14e-04   3.78e-07   6.99e-04   3.0%
Macro                  0.00e+00   0.00e+00   0.00e+00   0.00e+00   0.0%
Pad                    0.00e+00   0.00e+00   0.00e+00   0.00e+00   0.0%
----------------------------------------------------------------
Total                  1.22e-02   1.14e-02   3.09e-05   2.36e-02 100.0%
                          51.7%      48.1%       0.1%

======================= Typical Corner ===================================

Group                  Internal  Switching    Leakage      Total
                          Power      Power      Power      Power (Watts)
----------------------------------------------------------------
Sequential             2.94e-03   1.03e-03   4.59e-09   3.97e-03  13.4%
Combinational          1.20e-02   1.28e-02   1.55e-08   2.48e-02  83.6%
Clock                  2.23e-04   6.78e-04   1.14e-08   9.01e-04   3.0%
Macro                  0.00e+00   0.00e+00   0.00e+00   0.00e+00   0.0%
Pad                    0.00e+00   0.00e+00   0.00e+00   0.00e+00   0.0%
----------------------------------------------------------------
Total                  1.51e-02   1.45e-02   3.15e-08   2.97e-02 100.0%
                          51.0%      49.0%       0.0%

